<?xml version="1.0" encoding="UTF-8"?>
<!DOCTYPE plist PUBLIC "-//Apple//DTD PLIST 1.0//EN" "http://www.apple.com/DTDs/PropertyList-1.0.dtd">
<plist version="1.0">
<array>
	<string>instant HandlerLostFocus {
    name = Normal;
}</string>
	<string>instant HandlerGotFocus {
    name = Normal;
}</string>
	<string>begin SelectionChanged {
    document = "&lt;MSDocument: 0x7fa7cfe522e0&gt;";
    newSelection =     (
    );
    oldSelection =     (
    );
}</string>
	<string>finish SelectionChanged {
    document = "&lt;MSDocument: 0x7fa7cfe522e0&gt;";
    newSelection =     (
    );
    oldSelection =     (
    );
}</string>
	<string>instant HandlerLostFocus {
    name = Normal;
}</string>
	<string>instant HandlerGotFocus {
    name = Normal;
}</string>
	<string>begin SelectionChanged {
    document = "&lt;MSDocument: 0x7fa7cfe522e0&gt;";
    newSelection =     (
    );
    oldSelection =     (
    );
}</string>
	<string>finish SelectionChanged {
    document = "&lt;MSDocument: 0x7fa7cfe522e0&gt;";
    newSelection =     (
    );
    oldSelection =     (
    );
}</string>
	<string>instant CloseDocument {
    document = "&lt;MSDocument: 0x7fa7cfe522e0&gt;";
    selection =     (
    );
}</string>
	<string>begin Log {
    action = "&lt;MSLogAction: 0x60000081eeb0&gt;";
    command = "&lt;MSPluginCommand: 0x60000297fe00&gt;";
    level = error;
    payload =     (
        "Error: Error Domain=NSCocoaErrorDomain Code=4 \"\U201ccom.sketchapp.unsplash-plugin\U201d couldn\U2019t be removed.\" UserInfo={NSFilePath=/var/folders/zh/rqk5gffj13q41khjct43wkxc0000gp/T/com.sketchapp.unsplash-plugin, NSUserStringVariant=(\n    Remove\n), NSUnderlyingError=0x6000108bb570 {Error Domain=NSPOSIXErrorDomain Code=2 \"No such file or directory\"}}"
    );
    stringValue = "{ rmdirSync@/Users/DJ/Library/Application Support/com.bohemiancoding.sketch3/Plugins/unsplash.sketchplugin/Contents/Sketch/DataProvider.js:283:20\nonShutdown@/Users/DJ/Library/Application Support/com.bohemiancoding.sketch3/Plugins/unsplash.sketchplugin/Contents/Sketch/DataProvider.js:1202:17\n__skpm_run@/Users/DJ/Library/Application Support/com.bohemiancoding.sketch3/Plugins/unsplash.sketchplugin/Contents/Sketch/DataProvider.js:1415:17\n__skpm_run@[native code]\n  line: 283,\n  column: 20,\n  sourceURL: '/Users/DJ/Library/Application Support/com.bohemiancoding.sketch3/Plugins/unsplash.sketchplugin/Contents/Sketch/DataProvider.js' }";
}</string>
	<string>finish Log {
    action = "&lt;MSLogAction: 0x60000081eeb0&gt;";
    command = "&lt;MSPluginCommand: 0x60000297fe00&gt;";
    level = error;
    payload =     (
        "Error: Error Domain=NSCocoaErrorDomain Code=4 \"\U201ccom.sketchapp.unsplash-plugin\U201d couldn\U2019t be removed.\" UserInfo={NSFilePath=/var/folders/zh/rqk5gffj13q41khjct43wkxc0000gp/T/com.sketchapp.unsplash-plugin, NSUserStringVariant=(\n    Remove\n), NSUnderlyingError=0x6000108bb570 {Error Domain=NSPOSIXErrorDomain Code=2 \"No such file or directory\"}}"
    );
    stringValue = "{ rmdirSync@/Users/DJ/Library/Application Support/com.bohemiancoding.sketch3/Plugins/unsplash.sketchplugin/Contents/Sketch/DataProvider.js:283:20\nonShutdown@/Users/DJ/Library/Application Support/com.bohemiancoding.sketch3/Plugins/unsplash.sketchplugin/Contents/Sketch/DataProvider.js:1202:17\n__skpm_run@/Users/DJ/Library/Application Support/com.bohemiancoding.sketch3/Plugins/unsplash.sketchplugin/Contents/Sketch/DataProvider.js:1415:17\n__skpm_run@[native code]\n  line: 283,\n  column: 20,\n  sourceURL: '/Users/DJ/Library/Application Support/com.bohemiancoding.sketch3/Plugins/unsplash.sketchplugin/Contents/Sketch/DataProvider.js' }";
}</string>
</array>
</plist>
